nohup: ignoring input
2025-05-30 16:49:18,159 - INFO - Starting MCTS search time experiments on ALE/Breakout-v5
2025-05-30 16:49:18,159 - INFO - Worker options: [1, 2, 4, 8, 16]
2025-05-30 16:49:18,159 - INFO - Simulations per move options: [8, 16, 32, 64, 128, 256]
2025-05-30 16:49:18,159 - INFO - Episodes per setting: 5, Rollout depth: 100


2025-05-30 16:49:18,159 - INFO - ALE environment selected. Ensure you have 'pip install gymnasium[accept-rom-license]' if needed.
2025-05-30 16:49:18,159 - INFO - 
------------- Running Experiment 1/30 ----------------------------------
2025-05-30 16:49:18,159 - INFO - Sim/move=8, Workers=1
2025-05-30 16:49:18,159 - INFO - Initializing MCTS agent for ALE/Breakout-v5...
A.L.E: Arcade Learning Environment (version 0.11.1+2750686)
[Powered by Stella]
2025-05-30 16:49:18,463 - INFO - Starting evaluation for 5 episodes on ALE/Breakout-v5...
2025-05-30 16:59:39,658 - INFO - Episode 1 finished after 182 steps. Reward: 1.0
2025-05-30 17:11:14,643 - INFO - Episode 2 finished after 207 steps. Reward: 2.0
2025-05-30 17:19:59,694 - INFO - Episode 3 finished after 163 steps. Reward: 1.0
2025-05-30 17:29:44,026 - INFO - Episode 4 finished after 178 steps. Reward: 1.0
2025-05-30 17:39:49,524 - INFO - Episode 5 finished after 184 steps. Reward: 1.0
2025-05-30 17:39:49,524 - INFO - Avg Reward: 1.20, Std Reward: 0.40
2025-05-30 17:39:49,524 - INFO - Avg Search Time/Move: 3.3152s, Std Search Time: 0.3451s

2025-05-30 17:39:49,524 - INFO - 
------------- Running Experiment 2/30 ----------------------------------
2025-05-30 17:39:49,524 - INFO - Sim/move=16, Workers=1
2025-05-30 17:39:49,524 - INFO - Initializing MCTS agent for ALE/Breakout-v5...
2025-05-30 17:39:49,825 - INFO - Starting evaluation for 5 episodes on ALE/Breakout-v5...
2025-05-30 18:03:54,798 - INFO - Episode 1 finished after 216 steps. Reward: 3.0
2025-05-30 19:27:50,537 - INFO - Episode 2 finished after 559 steps. Reward: 19.0
2025-05-30 19:49:33,411 - INFO - Episode 3 finished after 197 steps. Reward: 2.0
2025-05-30 20:21:03,384 - INFO - Episode 4 finished after 266 steps. Reward: 4.0
2025-05-30 21:05:39,717 - INFO - Episode 5 finished after 353 steps. Reward: 6.0
2025-05-30 21:05:39,718 - INFO - Avg Reward: 6.80, Std Reward: 6.24
2025-05-30 21:05:39,718 - INFO - Avg Search Time/Move: 7.7616s, Std Search Time: 1.6818s

2025-05-30 21:05:39,718 - INFO - 
------------- Running Experiment 3/30 ----------------------------------
2025-05-30 21:05:39,718 - INFO - Sim/move=32, Workers=1
2025-05-30 21:05:39,718 - INFO - Initializing MCTS agent for ALE/Breakout-v5...
2025-05-30 21:05:40,019 - INFO - Starting evaluation for 5 episodes on ALE/Breakout-v5...
2025-05-31 03:58:00,174 - INFO - Episode 1 finished after 1034 steps. Reward: 47.0
2025-05-31 07:10:32,787 - INFO - Episode 2 finished after 618 steps. Reward: 21.0
2025-05-31 10:22:22,145 - INFO - Episode 3 finished after 618 steps. Reward: 30.0
2025-05-31 20:20:57,486 - INFO - Episode 4 finished after 1321 steps. Reward: 361.0
2025-06-01 00:25:05,217 - INFO - Episode 5 finished after 733 steps. Reward: 39.0
2025-06-01 00:25:05,218 - INFO - Avg Reward: 99.60, Std Reward: 130.99
2025-06-01 00:25:05,218 - INFO - Avg Search Time/Move: 22.7481s, Std Search Time: 7.7265s

2025-06-01 00:25:05,218 - INFO - 
------------- Running Experiment 4/30 ----------------------------------
2025-06-01 00:25:05,218 - INFO - Sim/move=64, Workers=1
2025-06-01 00:25:05,218 - INFO - Initializing MCTS agent for ALE/Breakout-v5...
2025-06-01 00:25:05,520 - INFO - Starting evaluation for 5 episodes on ALE/Breakout-v5...
2025-06-02 07:56:04,158 - INFO - Episode 1 finished after 1738 steps. Reward: 417.0
2025-06-03 10:45:13,271 - INFO - Episode 2 finished after 1576 steps. Reward: 423.0
2025-06-05 05:05:33,926 - INFO - Episode 3 finished after 2084 steps. Reward: 430.0
